-------------------------------------------------------------------------------
Test set: br.com.alura.forum.repositories.CursoRepositoryTest
-------------------------------------------------------------------------------
Tests run: 1, Failures: 0, Errors: 1, Skipped: 0, Time elapsed: 0.72 s <<< FAILURE! - in br.com.alura.forum.repositories.CursoRepositoryTest
deveriaCarregarCursoPorNome  Time elapsed: 0.109 s  <<< ERROR!
org.springframework.dao.IncorrectResultSizeDataAccessException: query did not return a unique result: 2; nested exception is javax.persistence.NonUniqueResultException: query did not return a unique result: 2
	at br.com.alura.forum.repositories.CursoRepositoryTest.deveriaCarregarCursoPorNome(CursoRepositoryTest.java:26)
Caused by: javax.persistence.NonUniqueResultException: query did not return a unique result: 2
	at br.com.alura.forum.repositories.CursoRepositoryTest.deveriaCarregarCursoPorNome(CursoRepositoryTest.java:26)

