-------------------------------------------------------------------------------
Test set: br.com.alura.forum.controller.AutenticacaoControlerTest
-------------------------------------------------------------------------------
Tests run: 1, Failures: 1, Errors: 0, Skipped: 0, Time elapsed: 2.578 s <<< FAILURE! - in br.com.alura.forum.controller.AutenticacaoControlerTest
okAoReceberCredenciaisValidas  Time elapsed: 0.294 s  <<< FAILURE!
java.lang.AssertionError: Status expected:<200> but was:<400>
	at br.com.alura.forum.controller.AutenticacaoControlerTest.okAoReceberCredenciaisValidas(AutenticacaoControlerTest.java:50)

