<?xml version="1.0" encoding="UTF-8"?>
<testsuite xmlns:xsi="http://www.w3.org/2001/XMLSchema-instance" xsi:noNamespaceSchemaLocation="https://maven.apache.org/surefire/maven-surefire-plugin/xsd/surefire-test-report.xsd" name="br.com.alura.forum.repositories.CursoRepositoryTest" time="0.72" tests="1" errors="1" skipped="0" failures="0">
  <properties>
[...]
</properties>
  <testcase name="deveriaCarregarCursoPorNome" classname="br.com.alura.forum.repositories.CursoRepositoryTest" time="0.109">
    <error message="query did not return a unique result: 2; nested exception is javax.persistence.NonUniqueResultException: query did not return a unique result: 2" type="org.springframework.dao.IncorrectResultSizeDataAccessException">org.springframework.dao.IncorrectResultSizeDataAccessException: query did not return a unique result: 2; nested exception is javax.persistence.NonUniqueResultException: query did not return a unique result: 2
	at br.com.alura.forum.repositories.CursoRepositoryTest.deveriaCarregarCursoPorNome(CursoRepositoryTest.java:26)
Caused by: javax.persistence.NonUniqueResultException: query did not return a unique result: 2
	at br.com.alura.forum.repositories.CursoRepositoryTest.deveriaCarregarCursoPorNome(CursoRepositoryTest.java:26)
</error>
    <system-out><![CDATA[2021-01-18 11:57:29.346  INFO 2244 --- [           main] b.t.a.o.j.DataJpaTestContextBootstrapper : Neither @ContextConfiguration nor @ContextHierarchy found for test class [br.com.alura.forum.repositories.CursoRepositoryTest], using SpringBootContextLoader
2021-01-18 11:57:29.347  INFO 2244 --- [           main] o.s.t.c.support.AbstractContextLoader    : Could not detect default resource locations for test class [br.com.alura.forum.repositories.CursoRepositoryTest]: no resource found for suffixes {-context.xml, Context.groovy}.
2021-01-18 11:57:29.348  INFO 2244 --- [           main] t.c.s.AnnotationConfigContextLoaderUtils : Could not detect default configuration classes for test class [br.com.alura.forum.repositories.CursoRepositoryTest]: CursoRepositoryTest does not declare any static, non-private, non-final, nested classes annotated with @Configuration.
2021-01-18 11:57:29.362  INFO 2244 --- [           main] .b.t.c.SpringBootTestContextBootstrapper : Found @SpringBootConfiguration br.com.alura.forum.ForumApplication for test class br.com.alura.forum.repositories.CursoRepositoryTest
2021-01-18 11:57:29.364  INFO 2244 --- [           main] b.t.a.o.j.DataJpaTestContextBootstrapper : Loaded default TestExecutionListener class names from location [META-INF/spring.factories]: [org.springframework.boot.test.mock.mockito.MockitoTestExecutionListener, org.springframework.boot.test.mock.mockito.ResetMocksTestExecutionListener, org.springframework.boot.test.autoconfigure.restdocs.RestDocsTestExecutionListener, org.springframework.boot.test.autoconfigure.web.client.MockRestServiceServerResetTestExecutionListener, org.springframework.boot.test.autoconfigure.web.servlet.MockMvcPrintOnlyOnFailureTestExecutionListener, org.springframework.boot.test.autoconfigure.web.servlet.WebDriverTestExecutionListener, org.springframework.boot.test.autoconfigure.webservices.client.MockWebServiceServerTestExecutionListener, org.springframework.test.context.web.ServletTestExecutionListener, org.springframework.test.context.support.DirtiesContextBeforeModesTestExecutionListener, org.springframework.test.context.support.DependencyInjectionTestExecutionListener, org.springframework.test.context.support.DirtiesContextTestExecutionListener, org.springframework.test.context.transaction.TransactionalTestExecutionListener, org.springframework.test.context.jdbc.SqlScriptsTestExecutionListener, org.springframework.test.context.event.EventPublishingTestExecutionListener]
2021-01-18 11:57:29.365  INFO 2244 --- [           main] b.t.a.o.j.DataJpaTestContextBootstrapper : Using TestExecutionListeners: [org.springframework.test.context.web.ServletTestExecutionListener@562ec518, org.springframework.test.context.support.DirtiesContextBeforeModesTestExecutionListener@5c8d685e, org.springframework.boot.test.mock.mockito.MockitoTestExecutionListener@4b1ad751, org.springframework.boot.test.autoconfigure.SpringBootDependencyInjectionTestExecutionListener@4d0e6424, org.springframework.test.context.support.DirtiesContextTestExecutionListener@6da86e98, org.springframework.test.context.transaction.TransactionalTestExecutionListener@5a5024eb, org.springframework.test.context.jdbc.SqlScriptsTestExecutionListener@476dc0af, org.springframework.test.context.event.EventPublishingTestExecutionListener@797ca322, org.springframework.boot.test.mock.mockito.ResetMocksTestExecutionListener@570ede3b, org.springframework.boot.test.autoconfigure.restdocs.RestDocsTestExecutionListener@c22cf4d, org.springframework.boot.test.autoconfigure.web.client.MockRestServiceServerResetTestExecutionListener@25630ede, org.springframework.boot.test.autoconfigure.web.servlet.MockMvcPrintOnlyOnFailureTestExecutionListener@399acce3, org.springframework.boot.test.autoconfigure.web.servlet.WebDriverTestExecutionListener@18c432ed, org.springframework.boot.test.autoconfigure.webservices.client.MockWebServiceServerTestExecutionListener@206de1f]

  .   ____          _            __ _ _
 /\\ / ___'_ __ _ _(_)_ __  __ _ \ \ \ \
( ( )\___ | '_ | '_| | '_ \/ _` | \ \ \ \
 \\/  ___)| |_)| | | | | || (_| |  ) ) ) )
  '  |____| .__|_| |_|_| |_\__, | / / / /
 =========|_|==============|___/=/_/_/_/
 :: Spring Boot ::        (v2.3.1.RELEASE)

2021-01-18 11:57:29.418  INFO 2244 --- [           main] b.c.a.f.r.CursoRepositoryTest            : Starting CursoRepositoryTest on ZUP-5501 with PID 2244 (started by Walter.Oliveira in C:\Users\Walter.Oliveira\Documents\workSpaceAlura\SpringBootApiRestAlura\forum)
2021-01-18 11:57:29.418  INFO 2244 --- [           main] b.c.a.f.r.CursoRepositoryTest            : The following profiles are active: test
2021-01-18 11:57:29.561  INFO 2244 --- [           main] .s.d.r.c.RepositoryConfigurationDelegate : Bootstrapping Spring Data JPA repositories in LAZY mode.
2021-01-18 11:57:29.587  INFO 2244 --- [           main] .s.d.r.c.RepositoryConfigurationDelegate : Finished Spring Data repository scanning in 25ms. Found 3 JPA repository interfaces.
2021-01-18 11:57:29.736  INFO 2244 --- [           main] o.hibernate.jpa.internal.util.LogHelper  : HHH000204: Processing PersistenceUnitInfo [name: default]
2021-01-18 11:57:29.745  INFO 2244 --- [           main] com.zaxxer.hikari.HikariDataSource       : HikariPool-2 - Starting...
2021-01-18 11:57:29.746  INFO 2244 --- [           main] com.zaxxer.hikari.HikariDataSource       : HikariPool-2 - Start completed.
2021-01-18 11:57:29.746  INFO 2244 --- [           main] org.hibernate.dialect.Dialect            : HHH000400: Using dialect: org.hibernate.dialect.H2Dialect
2021-01-18 11:57:29.895  INFO 2244 --- [           main] o.h.e.t.j.p.i.JtaPlatformInitiator       : HHH000490: Using JtaPlatform implementation: [org.hibernate.engine.transaction.jta.platform.internal.NoJtaPlatform]
2021-01-18 11:57:29.896  INFO 2244 --- [           main] j.LocalContainerEntityManagerFactoryBean : Initialized JPA EntityManagerFactory for persistence unit 'default'
2021-01-18 11:57:29.982  INFO 2244 --- [           main] b.c.a.f.r.CursoRepositoryTest            : Started CursoRepositoryTest in 0.608 seconds (JVM running for 7.606)
2021-01-18 11:57:29.995  INFO 2244 --- [           main] o.s.t.c.transaction.TransactionContext   : Began transaction (1) for test context [DefaultTestContext@28901fe7 testClass = CursoRepositoryTest, testInstance = br.com.alura.forum.repositories.CursoRepositoryTest@289b7efe, testMethod = deveriaCarregarCursoPorNome@CursoRepositoryTest, testException = [null], mergedContextConfiguration = [MergedContextConfiguration@34ac72c3 testClass = CursoRepositoryTest, locations = '{}', classes = '{class br.com.alura.forum.ForumApplication}', contextInitializerClasses = '[]', activeProfiles = '{test}', propertySourceLocations = '{}', propertySourceProperties = '{org.springframework.boot.test.autoconfigure.orm.jpa.DataJpaTestContextBootstrapper=true}', contextCustomizers = set[[ImportsContextCustomizer@6cd8c373 key = [org.springframework.boot.autoconfigure.cache.CacheAutoConfiguration, org.springframework.boot.autoconfigure.data.jpa.JpaRepositoriesAutoConfiguration, org.springframework.boot.autoconfigure.flyway.FlywayAutoConfiguration, org.springframework.boot.autoconfigure.jdbc.DataSourceAutoConfiguration, org.springframework.boot.autoconfigure.jdbc.DataSourceTransactionManagerAutoConfiguration, org.springframework.boot.autoconfigure.jdbc.JdbcTemplateAutoConfiguration, org.springframework.boot.autoconfigure.liquibase.LiquibaseAutoConfiguration, org.springframework.boot.autoconfigure.orm.jpa.HibernateJpaAutoConfiguration, org.springframework.boot.autoconfigure.transaction.TransactionAutoConfiguration, org.springframework.boot.test.autoconfigure.jdbc.TestDatabaseAutoConfiguration, org.springframework.boot.test.autoconfigure.orm.jpa.TestEntityManagerAutoConfiguration]], org.springframework.boot.test.context.filter.ExcludeFilterContextCustomizer@70e38ce1, org.springframework.boot.test.json.DuplicateJsonObjectContextCustomizerFactory$DuplicateJsonObjectContextCustomizer@1ebea008, org.springframework.boot.test.mock.mockito.MockitoContextCustomizer@0, org.springframework.boot.test.autoconfigure.OverrideAutoConfigurationContextCustomizerFactory$DisableAutoConfigurationContextCustomizer@33b4c775, org.springframework.boot.test.autoconfigure.filter.TypeExcludeFiltersContextCustomizer@351584c0, org.springframework.boot.test.autoconfigure.properties.PropertyMappingContextCustomizer@9792a2c3, org.springframework.boot.test.autoconfigure.web.servlet.WebDriverContextCustomizerFactory$Customizer@6950ed69, org.springframework.boot.test.context.SpringBootTestArgs@1], contextLoader = 'org.springframework.boot.test.context.SpringBootContextLoader', parent = [null]], attributes = map[[empty]]]; transaction manager [org.springframework.orm.jpa.JpaTransactionManager@430dbcb0]; rollback [true]
Hibernate: 
    select
        curso0_.id as id1_0_,
        curso0_.categoria as categori2_0_,
        curso0_.nome as nome3_0_ 
    from
        curso curso0_ 
    where
        curso0_.nome=?
2021-01-18 11:57:30.088  INFO 2244 --- [           main] o.s.t.c.transaction.TransactionContext   : Rolled back transaction for test: [DefaultTestContext@28901fe7 testClass = CursoRepositoryTest, testInstance = br.com.alura.forum.repositories.CursoRepositoryTest@289b7efe, testMethod = deveriaCarregarCursoPorNome@CursoRepositoryTest, testException = org.springframework.dao.IncorrectResultSizeDataAccessException: query did not return a unique result: 2; nested exception is javax.persistence.NonUniqueResultException: query did not return a unique result: 2, mergedContextConfiguration = [MergedContextConfiguration@34ac72c3 testClass = CursoRepositoryTest, locations = '{}', classes = '{class br.com.alura.forum.ForumApplication}', contextInitializerClasses = '[]', activeProfiles = '{test}', propertySourceLocations = '{}', propertySourceProperties = '{org.springframework.boot.test.autoconfigure.orm.jpa.DataJpaTestContextBootstrapper=true}', contextCustomizers = set[[ImportsContextCustomizer@6cd8c373 key = [org.springframework.boot.autoconfigure.cache.CacheAutoConfiguration, org.springframework.boot.autoconfigure.data.jpa.JpaRepositoriesAutoConfiguration, org.springframework.boot.autoconfigure.flyway.FlywayAutoConfiguration, org.springframework.boot.autoconfigure.jdbc.DataSourceAutoConfiguration, org.springframework.boot.autoconfigure.jdbc.DataSourceTransactionManagerAutoConfiguration, org.springframework.boot.autoconfigure.jdbc.JdbcTemplateAutoConfiguration, org.springframework.boot.autoconfigure.liquibase.LiquibaseAutoConfiguration, org.springframework.boot.autoconfigure.orm.jpa.HibernateJpaAutoConfiguration, org.springframework.boot.autoconfigure.transaction.TransactionAutoConfiguration, org.springframework.boot.test.autoconfigure.jdbc.TestDatabaseAutoConfiguration, org.springframework.boot.test.autoconfigure.orm.jpa.TestEntityManagerAutoConfiguration]], org.springframework.boot.test.context.filter.ExcludeFilterContextCustomizer@70e38ce1, org.springframework.boot.test.json.DuplicateJsonObjectContextCustomizerFactory$DuplicateJsonObjectContextCustomizer@1ebea008, org.springframework.boot.test.mock.mockito.MockitoContextCustomizer@0, org.springframework.boot.test.autoconfigure.OverrideAutoConfigurationContextCustomizerFactory$DisableAutoConfigurationContextCustomizer@33b4c775, org.springframework.boot.test.autoconfigure.filter.TypeExcludeFiltersContextCustomizer@351584c0, org.springframework.boot.test.autoconfigure.properties.PropertyMappingContextCustomizer@9792a2c3, org.springframework.boot.test.autoconfigure.web.servlet.WebDriverContextCustomizerFactory$Customizer@6950ed69, org.springframework.boot.test.context.SpringBootTestArgs@1], contextLoader = 'org.springframework.boot.test.context.SpringBootContextLoader', parent = [null]], attributes = map[[empty]]]
]]></system-out>
  </testcase>
</testsuite>