<?xml version="1.0" encoding="UTF-8"?>
<testsuite xmlns:xsi="http://www.w3.org/2001/XMLSchema-instance" xsi:noNamespaceSchemaLocation="https://maven.apache.org/surefire/maven-surefire-plugin/xsd/surefire-test-report.xsd" name="br.com.alura.forum.controller.AutenticacaoControlerTest" time="2.578" tests="1" errors="0" skipped="0" failures="1">
  <properties>
[...]
</properties>
  <testcase name="okAoReceberCredenciaisValidas" classname="br.com.alura.forum.controller.AutenticacaoControlerTest" time="0.294">
    <failure message="Status expected:&lt;200&gt; but was:&lt;400&gt;" type="java.lang.AssertionError"><![CDATA[java.lang.AssertionError: Status expected:<200> but was:<400>
	at br.com.alura.forum.controller.AutenticacaoControlerTest.okAoReceberCredenciaisValidas(AutenticacaoControlerTest.java:50)
]]></failure>
    <system-out><![CDATA[
  .   ____          _            __ _ _
 /\\ / ___'_ __ _ _(_)_ __  __ _ \ \ \ \
( ( )\___ | '_ | '_| | '_ \/ _` | \ \ \ \
 \\/  ___)| |_)| | | | | || (_| |  ) ) ) )
  '  |____| .__|_| |_|_| |_\__, | / / / /
 =========|_|==============|___/=/_/_/_/
 :: Spring Boot ::        (v2.3.1.RELEASE)

2021-01-18 11:57:30.152  INFO 2244 --- [           main] b.c.a.f.c.AutenticacaoControlerTest      : Starting AutenticacaoControlerTest on ZUP-5501 with PID 2244 (started by Walter.Oliveira in C:\Users\Walter.Oliveira\Documents\workSpaceAlura\SpringBootApiRestAlura\forum)
2021-01-18 11:57:30.152  INFO 2244 --- [           main] b.c.a.f.c.AutenticacaoControlerTest      : The following profiles are active: test
2021-01-18 11:57:30.738  INFO 2244 --- [           main] .s.d.r.c.RepositoryConfigurationDelegate : Bootstrapping Spring Data JPA repositories in DEFERRED mode.
2021-01-18 11:57:30.759  INFO 2244 --- [           main] .s.d.r.c.RepositoryConfigurationDelegate : Finished Spring Data repository scanning in 21ms. Found 3 JPA repository interfaces.
2021-01-18 11:57:30.990  INFO 2244 --- [           main] o.s.s.concurrent.ThreadPoolTaskExecutor  : Initializing ExecutorService 'applicationTaskExecutor'
2021-01-18 11:57:31.006  INFO 2244 --- [         task-1] o.hibernate.jpa.internal.util.LogHelper  : HHH000204: Processing PersistenceUnitInfo [name: default]
2021-01-18 11:57:31.013  INFO 2244 --- [         task-1] com.zaxxer.hikari.HikariDataSource       : HikariPool-3 - Starting...
2021-01-18 11:57:31.014  INFO 2244 --- [         task-1] com.zaxxer.hikari.HikariDataSource       : HikariPool-3 - Start completed.
2021-01-18 11:57:31.014  INFO 2244 --- [         task-1] org.hibernate.dialect.Dialect            : HHH000400: Using dialect: org.hibernate.dialect.H2Dialect
2021-01-18 11:57:31.078  WARN 2244 --- [           main] JpaBaseConfiguration$JpaWebConfiguration : spring.jpa.open-in-view is enabled by default. Therefore, database queries may be performed during view rendering. Explicitly configure spring.jpa.open-in-view to disable this warning
2021-01-18 11:57:31.161  INFO 2244 --- [         task-1] o.h.e.t.j.p.i.JtaPlatformInitiator       : HHH000490: Using JtaPlatform implementation: [org.hibernate.engine.transaction.jta.platform.internal.NoJtaPlatform]
2021-01-18 11:57:31.162  INFO 2244 --- [         task-1] j.LocalContainerEntityManagerFactoryBean : Initialized JPA EntityManagerFactory for persistence unit 'default'
2021-01-18 11:57:31.558  INFO 2244 --- [           main] o.s.b.a.e.web.EndpointLinksResolver      : Exposing 13 endpoint(s) beneath base path '/actuator'
2021-01-18 11:57:31.679  INFO 2244 --- [           main] o.s.s.web.DefaultSecurityFilterChain     : Creating filter chain: Ant [pattern='/**.html'], []
2021-01-18 11:57:31.679  INFO 2244 --- [           main] o.s.s.web.DefaultSecurityFilterChain     : Creating filter chain: Ant [pattern='/v2/api-docs'], []
2021-01-18 11:57:31.679  INFO 2244 --- [           main] o.s.s.web.DefaultSecurityFilterChain     : Creating filter chain: Ant [pattern='/webjars/**'], []
2021-01-18 11:57:31.679  INFO 2244 --- [           main] o.s.s.web.DefaultSecurityFilterChain     : Creating filter chain: Ant [pattern='/configuration/**'], []
2021-01-18 11:57:31.679  INFO 2244 --- [           main] o.s.s.web.DefaultSecurityFilterChain     : Creating filter chain: Ant [pattern='/swagger-resources/**'], []
2021-01-18 11:57:31.737  INFO 2244 --- [           main] o.s.s.web.DefaultSecurityFilterChain     : Creating filter chain: any request, [org.springframework.security.web.context.request.async.WebAsyncManagerIntegrationFilter@7db57566, org.springframework.security.web.context.SecurityContextPersistenceFilter@494e7290, org.springframework.security.web.header.HeaderWriterFilter@7861a433, org.springframework.security.web.authentication.logout.LogoutFilter@3fc4e667, br.com.alura.forum.config.security.AutenticacaoViaTokenFilter@2aabd5a0, org.springframework.security.web.savedrequest.RequestCacheAwareFilter@e87c4cf, org.springframework.security.web.servletapi.SecurityContextHolderAwareRequestFilter@7bb2b910, org.springframework.security.web.authentication.AnonymousAuthenticationFilter@5cb4e255, org.springframework.security.web.session.SessionManagementFilter@f2e28c7, org.springframework.security.web.access.ExceptionTranslationFilter@47c019d7, org.springframework.security.web.access.intercept.FilterSecurityInterceptor@7da6e22a]
2021-01-18 11:57:31.772  INFO 2244 --- [           main] pertySourcedRequestMappingHandlerMapping : Mapped URL path [/v2/api-docs] onto method [springfox.documentation.swagger2.web.Swagger2Controller#getDocumentation(String, HttpServletRequest)]
2021-01-18 11:57:32.019  INFO 2244 --- [           main] o.s.s.c.ThreadPoolTaskScheduler          : Initializing ExecutorService
2021-01-18 11:57:32.120  INFO 2244 --- [           main] o.s.b.a.h2.H2ConsoleAutoConfiguration    : H2 console available at '/h2-console'. Database available at 'jdbc:h2:mem:alura-forum'
2021-01-18 11:57:32.196  INFO 2244 --- [           main] o.s.b.t.m.w.SpringBootMockServletContext : Initializing Spring TestDispatcherServlet ''
2021-01-18 11:57:32.196  INFO 2244 --- [           main] o.s.t.web.servlet.TestDispatcherServlet  : Initializing Servlet ''
2021-01-18 11:57:32.209  INFO 2244 --- [           main] o.s.t.web.servlet.TestDispatcherServlet  : Completed initialization in 13 ms
2021-01-18 11:57:32.227  INFO 2244 --- [           main] d.s.w.p.DocumentationPluginsBootstrapper : Context refreshed
2021-01-18 11:57:32.228  INFO 2244 --- [           main] d.s.w.p.DocumentationPluginsBootstrapper : Found 1 custom documentation plugin(s)
2021-01-18 11:57:32.238  INFO 2244 --- [           main] s.d.s.w.s.ApiListingReferenceScanner     : Scanning for api listing references
2021-01-18 11:57:32.299  INFO 2244 --- [           main] DeferredRepositoryInitializationListener : Triggering deferred initialization of Spring Data repositories…
2021-01-18 11:57:32.380  INFO 2244 --- [           main] DeferredRepositoryInitializationListener : Spring Data repositories initialized!
2021-01-18 11:57:32.389  INFO 2244 --- [           main] b.c.a.f.c.AutenticacaoControlerTest      : Started AutenticacaoControlerTest in 2.268 seconds (JVM running for 10.014)
2021-01-18 11:57:32.392 ERROR 2244 --- [gistrationTask1] o.s.s.s.TaskUtils$LoggingErrorHandler    : Unexpected error occurred in scheduled task

java.lang.IllegalStateException: couldn't determine local port. Please set spring.boot.admin.client.instance.service-base-url.
	at de.codecentric.boot.admin.client.registration.DefaultApplicationFactory.getLocalServerPort(DefaultApplicationFactory.java:192) ~[spring-boot-admin-client-2.3.1.jar:2.3.1]
	at de.codecentric.boot.admin.client.registration.DefaultApplicationFactory.getServiceBaseUrl(DefaultApplicationFactory.java:104) ~[spring-boot-admin-client-2.3.1.jar:2.3.1]
	at de.codecentric.boot.admin.client.registration.ServletApplicationFactory.getServiceUrl(ServletApplicationFactory.java:63) ~[spring-boot-admin-client-2.3.1.jar:2.3.1]
	at de.codecentric.boot.admin.client.registration.ServletApplicationFactory.getManagementBaseUrl(ServletApplicationFactory.java:76) ~[spring-boot-admin-client-2.3.1.jar:2.3.1]
	at de.codecentric.boot.admin.client.registration.DefaultApplicationFactory.getHealthUrl(DefaultApplicationFactory.java:154) ~[spring-boot-admin-client-2.3.1.jar:2.3.1]
	at de.codecentric.boot.admin.client.registration.DefaultApplicationFactory.createApplication(DefaultApplicationFactory.java:80) ~[spring-boot-admin-client-2.3.1.jar:2.3.1]
	at de.codecentric.boot.admin.client.registration.DefaultApplicationRegistrator.register(DefaultApplicationRegistrator.java:56) ~[spring-boot-admin-client-2.3.1.jar:2.3.1]
	at org.springframework.scheduling.support.DelegatingErrorHandlingRunnable.run(DelegatingErrorHandlingRunnable.java:54) ~[spring-context-5.2.7.RELEASE.jar:5.2.7.RELEASE]
	at java.base/java.util.concurrent.Executors$RunnableAdapter.call(Executors.java:515) ~[na:na]
	at java.base/java.util.concurrent.FutureTask.runAndReset(FutureTask.java:305) ~[na:na]
	at java.base/java.util.concurrent.ScheduledThreadPoolExecutor$ScheduledFutureTask.run(ScheduledThreadPoolExecutor.java:305) ~[na:na]
	at java.base/java.util.concurrent.ThreadPoolExecutor.runWorker(ThreadPoolExecutor.java:1130) ~[na:na]
	at java.base/java.util.concurrent.ThreadPoolExecutor$Worker.run(ThreadPoolExecutor.java:630) ~[na:na]
	at java.base/java.lang.Thread.run(Thread.java:832) ~[na:na]

Hibernate: 
    select
        usuario0_.id as id1_4_,
        usuario0_.email as email2_4_,
        usuario0_.nome as nome3_4_,
        usuario0_.senha as senha4_4_ 
    from
        usuario usuario0_ 
    where
        usuario0_.email=?
Hibernate: 
    select
        perfis0_.usuario_id as usuario_1_5_0_,
        perfis0_.perfis_id as perfis_i2_5_0_,
        perfil1_.id as id1_1_1_,
        perfil1_.nome as nome2_1_1_ 
    from
        usuario_perfis perfis0_ 
    inner join
        perfil perfil1_ 
            on perfis0_.perfis_id=perfil1_.id 
    where
        perfis0_.usuario_id=?
Hibernate: 
    select
        perfis0_.usuario_id as usuario_1_5_0_,
        perfis0_.perfis_id as perfis_i2_5_0_,
        perfil1_.id as id1_1_1_,
        perfil1_.nome as nome2_1_1_ 
    from
        usuario_perfis perfis0_ 
    inner join
        perfil perfil1_ 
            on perfis0_.perfis_id=perfil1_.id 
    where
        perfis0_.usuario_id=?
Hibernate: 
    select
        perfis0_.usuario_id as usuario_1_5_0_,
        perfis0_.perfis_id as perfis_i2_5_0_,
        perfil1_.id as id1_1_1_,
        perfil1_.nome as nome2_1_1_ 
    from
        usuario_perfis perfis0_ 
    inner join
        perfil perfil1_ 
            on perfis0_.perfis_id=perfil1_.id 
    where
        perfis0_.usuario_id=?

MockHttpServletRequest:
      HTTP Method = POST
      Request URI = /auth
       Parameters = {}
          Headers = [Content-Type:"application/json;charset=UTF-8", Content-Length:"44"]
             Body = {"email":"aluno@email.com","senha":"123456"}
    Session Attrs = {}

Handler:
             Type = br.com.alura.forum.controller.AutenticacaoControler
           Method = br.com.alura.forum.controller.AutenticacaoControler#autenticar(LogingForm)

Async:
    Async started = false
     Async result = null

Resolved Exception:
             Type = null

ModelAndView:
        View name = null
             View = null
            Model = null

FlashMap:
       Attributes = null

MockHttpServletResponse:
           Status = 400
    Error message = null
          Headers = [X-Content-Type-Options:"nosniff", X-XSS-Protection:"1; mode=block", Cache-Control:"no-cache, no-store, max-age=0, must-revalidate", Pragma:"no-cache", Expires:"0", X-Frame-Options:"DENY"]
     Content type = null
             Body = 
    Forwarded URL = null
   Redirected URL = null
          Cookies = []
]]></system-out>
  </testcase>
</testsuite>